c:\users\student\documents\visual studio 2015\projects\2dゲーム制作応用\2d_acg_1\debug\vc140.pdb
c:\users\student\documents\visual studio 2015\projects\2dゲーム制作応用\2d_acg_1\debug\vc140.idb
c:\users\student\documents\visual studio 2015\projects\2dゲーム制作応用\2d_acg_1\debug\input.obj
c:\users\student\documents\visual studio 2015\projects\2dゲーム制作応用\2d_acg_1\debug\main.obj
c:\users\student\documents\visual studio 2015\projects\2dゲーム制作応用\2d_acg_1\debug\player.obj
c:\users\student\documents\visual studio 2015\projects\2dゲーム制作応用\2d_acg_1\debug\fade.obj
c:\users\student\documents\visual studio 2015\projects\2dゲーム制作応用\2d_acg_1\debug\game.obj
c:\users\student\documents\visual studio 2015\projects\2dゲーム制作応用\2d_acg_1\debug\result.obj
c:\users\student\documents\visual studio 2015\projects\2dゲーム制作応用\2d_acg_1\debug\time.obj
c:\users\student\documents\visual studio 2015\projects\2dゲーム制作応用\2d_acg_1\debug\title.obj
c:\users\student\documents\visual studio 2015\projects\2dゲーム制作応用\2d_acg_1\debug\tutorial.obj
c:\users\student\documents\visual studio 2015\projects\2dゲーム制作応用\2d_acg_1\debug\pause.obj
c:\users\student\documents\visual studio 2015\projects\2dゲーム制作応用\2d_acg_1\debug\bg.obj
c:\users\student\documents\visual studio 2015\projects\2dゲーム制作応用\2d_acg_1\debug\block.obj
c:\users\student\documents\visual studio 2015\projects\2dゲーム制作応用\2d_acg_1\debug\item.obj
c:\users\student\documents\visual studio 2015\projects\2dゲーム制作応用\2d_acg_1\debug\map.obj
c:\users\student\documents\visual studio 2015\projects\2dゲーム制作応用\2d_acg_1\debug\score.obj
c:\users\student\documents\visual studio 2015\projects\2dゲーム制作応用\2d_acg_1\debug\2d_acg_1.ilk
c:\users\student\documents\visual studio 2015\projects\2dゲーム制作応用\2d_acg_1\debug\2d_acg_1.exe
c:\users\student\documents\visual studio 2015\projects\2dゲーム制作応用\2d_acg_1\debug\2d_acg_1.pdb
c:\users\student\documents\visual studio 2015\projects\2dゲーム制作応用\2d_acg_1\debug\2d_acg_1.tlog\cl.command.1.tlog
c:\users\student\documents\visual studio 2015\projects\2dゲーム制作応用\2d_acg_1\debug\2d_acg_1.tlog\cl.read.1.tlog
c:\users\student\documents\visual studio 2015\projects\2dゲーム制作応用\2d_acg_1\debug\2d_acg_1.tlog\cl.write.1.tlog
c:\users\student\documents\visual studio 2015\projects\2dゲーム制作応用\2d_acg_1\debug\2d_acg_1.tlog\link.command.1.tlog
c:\users\student\documents\visual studio 2015\projects\2dゲーム制作応用\2d_acg_1\debug\2d_acg_1.tlog\link.read.1.tlog
c:\users\student\documents\visual studio 2015\projects\2dゲーム制作応用\2d_acg_1\debug\2d_acg_1.tlog\link.write.1.tlog
